<?xml version="1.0" encoding="UTF-8"?>
<!-- Generated by org.testng.reporters.JUnitReportReporter -->
<testsuite hostname="DESKTOP-6QTL72F" failures="0" tests="1" name="OrderListTest" time="5.761" errors="0" timestamp="2022-06-26T16:41:07 MSK" skipped="0">
  <testcase classname="OrderListTest" name="getOrderList" time="5.761"/>
  <system-out/>
</testsuite> <!-- OrderListTest -->
