<?xml version="1.0" encoding="UTF-8"?>
<testsuite xmlns:xsi="http://www.w3.org/2001/XMLSchema-instance" xsi:noNamespaceSchemaLocation="https://maven.apache.org/surefire/maven-surefire-plugin/xsd/surefire-test-report.xsd" name="TestSuite" time="136.716" tests="19" errors="0" skipped="0" failures="3">
  <properties>
    <property name="sun.desktop" value="windows"/>
    <property name="awt.toolkit" value="sun.awt.windows.WToolkit"/>
    <property name="java.specification.version" value="11"/>
    <property name="sun.cpu.isalist" value="amd64"/>
    <property name="sun.jnu.encoding" value="Cp1251"/>
    <property name="java.class.path" value="C:\projects\Sprint_3\target\test-classes;C:\projects\Sprint_3\target\classes;C:\Users\Пользователь\.m2\repository\io\rest-assured\rest-assured\5.1.1\rest-assured-5.1.1.jar;C:\Users\Пользователь\.m2\repository\org\apache\groovy\groovy\4.0.1\groovy-4.0.1.jar;C:\Users\Пользователь\.m2\repository\org\apache\groovy\groovy-xml\4.0.1\groovy-xml-4.0.1.jar;C:\Users\Пользователь\.m2\repository\org\apache\httpcomponents\httpclient\4.5.13\httpclient-4.5.13.jar;C:\Users\Пользователь\.m2\repository\org\apache\httpcomponents\httpcore\4.4.13\httpcore-4.4.13.jar;C:\Users\Пользователь\.m2\repository\commons-logging\commons-logging\1.2\commons-logging-1.2.jar;C:\Users\Пользователь\.m2\repository\commons-codec\commons-codec\1.11\commons-codec-1.11.jar;C:\Users\Пользователь\.m2\repository\org\apache\httpcomponents\httpmime\4.5.13\httpmime-4.5.13.jar;C:\Users\Пользователь\.m2\repository\org\hamcrest\hamcrest\2.1\hamcrest-2.1.jar;C:\Users\Пользователь\.m2\repository\org\ccil\cowan\tagsoup\tagsoup\1.2.1\tagsoup-1.2.1.jar;C:\Users\Пользователь\.m2\repository\io\rest-assured\json-path\5.1.1\json-path-5.1.1.jar;C:\Users\Пользователь\.m2\repository\org\apache\groovy\groovy-json\4.0.1\groovy-json-4.0.1.jar;C:\Users\Пользователь\.m2\repository\io\rest-assured\rest-assured-common\5.1.1\rest-assured-common-5.1.1.jar;C:\Users\Пользователь\.m2\repository\io\rest-assured\xml-path\5.1.1\xml-path-5.1.1.jar;C:\Users\Пользователь\.m2\repository\org\apache\commons\commons-lang3\3.11\commons-lang3-3.11.jar;C:\Users\Пользователь\.m2\repository\org\testng\testng\7.6.0\testng-7.6.0.jar;C:\Users\Пользователь\.m2\repository\com\google\code\findbugs\jsr305\3.0.2\jsr305-3.0.2.jar;C:\Users\Пользователь\.m2\repository\org\slf4j\slf4j-api\1.7.36\slf4j-api-1.7.36.jar;C:\Users\Пользователь\.m2\repository\com\beust\jcommander\1.82\jcommander-1.82.jar;C:\Users\Пользователь\.m2\repository\org\webjars\jquery\3.6.0\jquery-3.6.0.jar;C:\Users\Пользователь\.m2\repository\junit\junit\4.13.2\junit-4.13.2.jar;C:\Users\Пользователь\.m2\repository\org\hamcrest\hamcrest-core\1.3\hamcrest-core-1.3.jar;C:\Users\Пользователь\.m2\repository\com\google\code\gson\gson\2.9.0\gson-2.9.0.jar;C:\Users\Пользователь\.m2\repository\com\fasterxml\jackson\core\jackson-databind\2.13.3\jackson-databind-2.13.3.jar;C:\Users\Пользователь\.m2\repository\com\fasterxml\jackson\core\jackson-annotations\2.13.3\jackson-annotations-2.13.3.jar;C:\Users\Пользователь\.m2\repository\com\fasterxml\jackson\core\jackson-core\2.13.3\jackson-core-2.13.3.jar;C:\Users\Пользователь\.m2\repository\io\qameta\allure\allure-junit4\2.18.1\allure-junit4-2.18.1.jar;C:\Users\Пользователь\.m2\repository\io\qameta\allure\allure-java-commons\2.18.1\allure-java-commons-2.18.1.jar;C:\Users\Пользователь\.m2\repository\io\qameta\allure\allure-model\2.18.1\allure-model-2.18.1.jar;C:\Users\Пользователь\.m2\repository\io\qameta\allure\allure-rest-assured\2.18.1\allure-rest-assured-2.18.1.jar;C:\Users\Пользователь\.m2\repository\io\qameta\allure\allure-attachments\2.18.1\allure-attachments-2.18.1.jar;C:\Users\Пользователь\.m2\repository\org\freemarker\freemarker\2.3.31\freemarker-2.3.31.jar;"/>
    <property name="java.vm.vendor" value="Amazon.com Inc."/>
    <property name="sun.arch.data.model" value="64"/>
    <property name="user.variant" value=""/>
    <property name="java.vendor.url" value="https://aws.amazon.com/corretto/"/>
    <property name="user.timezone" value="Europe/Moscow"/>
    <property name="java.vm.specification.version" value="11"/>
    <property name="os.name" value="Windows 10"/>
    <property name="sun.java.launcher" value="SUN_STANDARD"/>
    <property name="user.country" value="RU"/>
    <property name="sun.boot.library.path" value="C:\Program Files\Amazon Corretto\jdk11.0.14_10\bin"/>
    <property name="sun.java.command" value="C:\Users\73B5~1\AppData\Local\Temp\surefire3672602425801939629\surefirebooter14651800915653319623.jar C:\Users\Пользователь\AppData\Local\Temp\surefire3672602425801939629 2022-06-26T16-41-00_217-jvmRun1 surefire10399904981844262224tmp surefire_03024841209595790575tmp"/>
    <property name="jdk.debug" value="release"/>
    <property name="surefire.test.class.path" value="C:\projects\Sprint_3\target\test-classes;C:\projects\Sprint_3\target\classes;C:\Users\Пользователь\.m2\repository\io\rest-assured\rest-assured\5.1.1\rest-assured-5.1.1.jar;C:\Users\Пользователь\.m2\repository\org\apache\groovy\groovy\4.0.1\groovy-4.0.1.jar;C:\Users\Пользователь\.m2\repository\org\apache\groovy\groovy-xml\4.0.1\groovy-xml-4.0.1.jar;C:\Users\Пользователь\.m2\repository\org\apache\httpcomponents\httpclient\4.5.13\httpclient-4.5.13.jar;C:\Users\Пользователь\.m2\repository\org\apache\httpcomponents\httpcore\4.4.13\httpcore-4.4.13.jar;C:\Users\Пользователь\.m2\repository\commons-logging\commons-logging\1.2\commons-logging-1.2.jar;C:\Users\Пользователь\.m2\repository\commons-codec\commons-codec\1.11\commons-codec-1.11.jar;C:\Users\Пользователь\.m2\repository\org\apache\httpcomponents\httpmime\4.5.13\httpmime-4.5.13.jar;C:\Users\Пользователь\.m2\repository\org\hamcrest\hamcrest\2.1\hamcrest-2.1.jar;C:\Users\Пользователь\.m2\repository\org\ccil\cowan\tagsoup\tagsoup\1.2.1\tagsoup-1.2.1.jar;C:\Users\Пользователь\.m2\repository\io\rest-assured\json-path\5.1.1\json-path-5.1.1.jar;C:\Users\Пользователь\.m2\repository\org\apache\groovy\groovy-json\4.0.1\groovy-json-4.0.1.jar;C:\Users\Пользователь\.m2\repository\io\rest-assured\rest-assured-common\5.1.1\rest-assured-common-5.1.1.jar;C:\Users\Пользователь\.m2\repository\io\rest-assured\xml-path\5.1.1\xml-path-5.1.1.jar;C:\Users\Пользователь\.m2\repository\org\apache\commons\commons-lang3\3.11\commons-lang3-3.11.jar;C:\Users\Пользователь\.m2\repository\org\testng\testng\7.6.0\testng-7.6.0.jar;C:\Users\Пользователь\.m2\repository\com\google\code\findbugs\jsr305\3.0.2\jsr305-3.0.2.jar;C:\Users\Пользователь\.m2\repository\org\slf4j\slf4j-api\1.7.36\slf4j-api-1.7.36.jar;C:\Users\Пользователь\.m2\repository\com\beust\jcommander\1.82\jcommander-1.82.jar;C:\Users\Пользователь\.m2\repository\org\webjars\jquery\3.6.0\jquery-3.6.0.jar;C:\Users\Пользователь\.m2\repository\junit\junit\4.13.2\junit-4.13.2.jar;C:\Users\Пользователь\.m2\repository\org\hamcrest\hamcrest-core\1.3\hamcrest-core-1.3.jar;C:\Users\Пользователь\.m2\repository\com\google\code\gson\gson\2.9.0\gson-2.9.0.jar;C:\Users\Пользователь\.m2\repository\com\fasterxml\jackson\core\jackson-databind\2.13.3\jackson-databind-2.13.3.jar;C:\Users\Пользователь\.m2\repository\com\fasterxml\jackson\core\jackson-annotations\2.13.3\jackson-annotations-2.13.3.jar;C:\Users\Пользователь\.m2\repository\com\fasterxml\jackson\core\jackson-core\2.13.3\jackson-core-2.13.3.jar;C:\Users\Пользователь\.m2\repository\io\qameta\allure\allure-junit4\2.18.1\allure-junit4-2.18.1.jar;C:\Users\Пользователь\.m2\repository\io\qameta\allure\allure-java-commons\2.18.1\allure-java-commons-2.18.1.jar;C:\Users\Пользователь\.m2\repository\io\qameta\allure\allure-model\2.18.1\allure-model-2.18.1.jar;C:\Users\Пользователь\.m2\repository\io\qameta\allure\allure-rest-assured\2.18.1\allure-rest-assured-2.18.1.jar;C:\Users\Пользователь\.m2\repository\io\qameta\allure\allure-attachments\2.18.1\allure-attachments-2.18.1.jar;C:\Users\Пользователь\.m2\repository\org\freemarker\freemarker\2.3.31\freemarker-2.3.31.jar;"/>
    <property name="allure.results.directory" value="C:\projects\Sprint_3\target/target/allure-results"/>
    <property name="sun.cpu.endian" value="little"/>
    <property name="user.home" value="C:\Users\Пользователь"/>
    <property name="user.language" value="ru"/>
    <property name="java.specification.vendor" value="Oracle Corporation"/>
    <property name="java.version.date" value="2022-02-08"/>
    <property name="java.home" value="C:\Program Files\Amazon Corretto\jdk11.0.14_10"/>
    <property name="file.separator" value="\"/>
    <property name="basedir" value="C:\projects\Sprint_3"/>
    <property name="java.vm.compressedOopsMode" value="Zero based"/>
    <property name="line.separator" value="&#10;"/>
    <property name="java.specification.name" value="Java Platform API Specification"/>
    <property name="java.vm.specification.vendor" value="Oracle Corporation"/>
    <property name="java.awt.graphicsenv" value="sun.awt.Win32GraphicsEnvironment"/>
    <property name="surefire.real.class.path" value="C:\Users\73B5~1\AppData\Local\Temp\surefire3672602425801939629\surefirebooter14651800915653319623.jar"/>
    <property name="user.script" value=""/>
    <property name="sun.management.compiler" value="HotSpot 64-Bit Tiered Compilers"/>
    <property name="java.runtime.version" value="11.0.14.1+10-LTS"/>
    <property name="user.name" value="Пользователь"/>
    <property name="path.separator" value=";"/>
    <property name="os.version" value="10.0"/>
    <property name="java.runtime.name" value="OpenJDK Runtime Environment"/>
    <property name="file.encoding" value="Cp1251"/>
    <property name="java.vm.name" value="OpenJDK 64-Bit Server VM"/>
    <property name="java.vendor.version" value="Corretto-11.0.14.10.1"/>
    <property name="localRepository" value="C:\Users\Пользователь\.m2\repository"/>
    <property name="java.vendor.url.bug" value="https://github.com/corretto/corretto-11/issues/"/>
    <property name="java.io.tmpdir" value="C:\Users\73B5~1\AppData\Local\Temp\"/>
    <property name="java.version" value="11.0.14.1"/>
    <property name="user.dir" value="C:\projects\Sprint_3"/>
    <property name="os.arch" value="amd64"/>
    <property name="java.vm.specification.name" value="Java Virtual Machine Specification"/>
    <property name="java.awt.printerjob" value="sun.awt.windows.WPrinterJob"/>
    <property name="sun.os.patch.level" value=""/>
    <property name="java.library.path" value="C:\Program Files\Amazon Corretto\jdk11.0.14_10\bin;C:\Windows\Sun\Java\bin;C:\Windows\system32;C:\Windows;C:\Program Files\Amazon Corretto\jdk11.0.14_10\bin;C:\Windows\system32;C:\Windows;C:\Windows\System32\Wbem;C:\Windows\System32\WindowsPowerShell\v1.0\;C:\Windows\System32\OpenSSH\;C:\Program Files (x86)\NVIDIA Corporation\PhysX\Common;C:\Program Files (x86)\dotnet\;C:\Program Files\dotnet\;C:\Program Files\nodejs\;C:\Program Files\Amazon Corretto\jdk11.0.14_10\bin;C:\Program Files\WebDriver\bin;C:\Program Files\Git\cmd;C:\Users\Пользователь\AppData\Local\Programs\Python\Python38\Scripts\;C:\Users\Пользователь\AppData\Local\Programs\Python\Python38\;C:\Users\Пользователь\AppData\Local\Programs\Python\Launcher\;C:\Users\Пользователь\AppData\Local\Microsoft\WindowsApps;C:\Users\Пользователь\AppData\Roaming\npm;C:\Program Files\JetBrains\IntelliJ IDEA Community Edition 2021.3.2\bin;;C:\Program Files\apache-maven-3.8.4\bin;C:\Program Files\allure-2.18.1\bin;;."/>
    <property name="java.vm.info" value="mixed mode"/>
    <property name="java.vendor" value="Amazon.com Inc."/>
    <property name="java.vm.version" value="11.0.14.1+10-LTS"/>
    <property name="sun.io.unicode.encoding" value="UnicodeLittle"/>
    <property name="java.class.version" value="55.0"/>
  </properties>
  <testcase name="getOrderList" classname="OrderListTest" time="5.761"/>
  <testcase name="requestWithoutPasswordReturnsCorrectCodeCourier on requestWithoutPasswordReturnsCorrectCodeCourier(CreateCourierTest)" classname="CreateCourierTest" time="1.225"/>
  <testcase name="requestWithoutLoginReturnsCorrectBodyCourier on requestWithoutLoginReturnsCorrectBodyCourier(CreateCourierTest)" classname="CreateCourierTest" time="0.291"/>
  <testcase name="requestWithoutPasswordReturnsCorrectBodyCourier on requestWithoutPasswordReturnsCorrectBodyCourier(CreateCourierTest)" classname="CreateCourierTest" time="0.291"/>
  <testcase name="sendPostRequestWithExistingLoginCourierReturnsCorrectBody on sendPostRequestWithExistingLoginCourierReturnsCorrectBody(CreateCourierTest)" classname="CreateCourierTest" time="0.848">
    <failure message="1 expectation failed.&#10;JSON path message doesn&apos;t match.&#10;Expected: Этот логин уже используется&#10;  Actual: Этот логин уже используется. Попробуйте другой.&#10;" type="java.lang.AssertionError">java.lang.AssertionError: 
1 expectation failed.
JSON path message doesn't match.
Expected: Этот логин уже используется
  Actual: Этот логин уже используется. Попробуйте другой.

	at CreateCourierTest.sendPostRequestWithExistingLoginCourierReturnsCorrectBody(CreateCourierTest.java:108)
</failure>
    <system-out><![CDATA[Id курьера: 86304
Курьер №86304 удален
]]></system-out>
  </testcase>
  <testcase name="sendPostRequestWithExistingLoginCourierReturnsConflict on sendPostRequestWithExistingLoginCourierReturnsConflict(CreateCourierTest)" classname="CreateCourierTest" time="0.618"/>
  <testcase name="successfulCourierCreatingReturnsCorrectBody on successfulCourierCreatingReturnsCorrectBody(CreateCourierTest)" classname="CreateCourierTest" time="0.583"/>
  <testcase name="successfulCourierCreatingReturnsCorrectCode on successfulCourierCreatingReturnsCorrectCode(CreateCourierTest)" classname="CreateCourierTest" time="0.49"/>
  <testcase name="requestWithoutLoginReturnsCorrectCodeCourier on requestWithoutLoginReturnsCorrectCodeCourier(CreateCourierTest)" classname="CreateCourierTest" time="0.318"/>
  <testcase name="postCourierLoginIncorrectPasswordAnswerBody on postCourierLoginIncorrectPasswordAnswerBody(LoginCourierTest)" classname="LoginCourierTest" time="0.498"/>
  <testcase name="postCourierLoginIncorrectPasswordAnswerCode on postCourierLoginIncorrectPasswordAnswerCode(LoginCourierTest)" classname="LoginCourierTest" time="0.557"/>
  <testcase name="postCourierLoginWithoutPasswordAnswerBody on postCourierLoginWithoutPasswordAnswerBody(LoginCourierTest)" classname="LoginCourierTest" time="60.585">
    <failure message="Expected response body to be verified as JSON, HTML or XML but no content-type was defined in the response.&#10;Try registering a default parser using:&#10;   RestAssured.defaultParser(&lt;parser type&gt;);&#10;Content was:&#10;Service unavailable&#10;" type="java.lang.IllegalStateException"><![CDATA[java.lang.IllegalStateException: 
Expected response body to be verified as JSON, HTML or XML but no content-type was defined in the response.
Try registering a default parser using:
   RestAssured.defaultParser(<parser type>);
Content was:
Service unavailable

	at LoginCourierTest.postCourierLoginWithoutPasswordAnswerBody(LoginCourierTest.java:130)
]]></failure>
    <system-out><![CDATA[Id курьера: 86310
Курьер №86310 удален
]]></system-out>
  </testcase>
  <testcase name="postCourierLoginWithoutPasswordAnswerCode on postCourierLoginWithoutPasswordAnswerCode(LoginCourierTest)" classname="LoginCourierTest" time="60.597">
    <failure message="1 expectation failed.&#10;Expected status code &lt;400&gt; but was &lt;504&gt;.&#10;" type="java.lang.AssertionError"><![CDATA[java.lang.AssertionError: 
1 expectation failed.
Expected status code <400> but was <504>.

	at LoginCourierTest.postCourierLoginWithoutPasswordAnswerCode(LoginCourierTest.java:120)
]]></failure>
    <system-out><![CDATA[Id курьера: 86312
Курьер №86312 удален
]]></system-out>
  </testcase>
  <testcase name="postCourierLoginIncorrectLoginAnswerBody on postCourierLoginIncorrectLoginAnswerBody(LoginCourierTest)" classname="LoginCourierTest" time="0.542"/>
  <testcase name="postCourierLoginIncorrectLoginAnswerCode on postCourierLoginIncorrectLoginAnswerCode(LoginCourierTest)" classname="LoginCourierTest" time="0.487"/>
  <testcase name="postCourierLoginWithoutLoginAnswerBody on postCourierLoginWithoutLoginAnswerBody(LoginCourierTest)" classname="LoginCourierTest" time="0.528"/>
  <testcase name="postCourierLoginWithoutLoginAnswerCode on postCourierLoginWithoutLoginAnswerCode(LoginCourierTest)" classname="LoginCourierTest" time="0.483"/>
  <testcase name="postCourierLoginAnswerBody on postCourierLoginAnswerBody(LoginCourierTest)" classname="LoginCourierTest" time="0.551"/>
  <testcase name="postCourierLoginAnswerCode on postCourierLoginAnswerCode(LoginCourierTest)" classname="LoginCourierTest" time="0.534"/>
</testsuite>